[INFO] Scanning for projects...
[INFO] 
[INFO] ----------------------< com.example:api-gateway >-----------------------
[INFO] Building api-gateway 0.0.1-SNAPSHOT
[INFO]   from pom.xml
[INFO] --------------------------------[ jar ]---------------------------------
[INFO] 
[INFO] --- resources:3.3.1:resources (default-resources) @ api-gateway ---
[INFO] Copying 1 resource from src\main\resources to target\classes
[INFO] Copying 1 resource from src\main\resources to target\classes
[INFO] 
[INFO] --- compiler:3.14.1:compile (default-compile) @ api-gateway ---
[INFO] Recompiling the module because of changed source code.
[INFO] Compiling 11 source files with javac [debug parameters release 17] to target\classes
[INFO] -------------------------------------------------------------
[ERROR] COMPILATION ERROR : 
[INFO] -------------------------------------------------------------
[ERROR] /C:/Users/Аскар/Desktop/study/java-spring/final/api-gateway/src/main/java/com/example/api_gateway/config/SecurityConfig.java:[26,13] method oauth2ResourceServer in class org.springframework.security.config.web.server.ServerHttpSecurity cannot be applied to given types;
  required: org.springframework.security.config.Customizer<org.springframework.security.config.web.server.ServerHttpSecurity.OAuth2ResourceServerSpec>
  found:    no arguments
  reason: actual and formal argument lists differ in length
[INFO] 1 error
[INFO] -------------------------------------------------------------
[INFO] ------------------------------------------------------------------------
[INFO] BUILD FAILURE
[INFO] ------------------------------------------------------------------------
[INFO] Total time:  8.165 s
[INFO] Finished at: 2025-12-04T23:25:33+05:00
[INFO] ------------------------------------------------------------------------
[ERROR] Failed to execute goal org.apache.maven.plugins:maven-compiler-plugin:3.14.1:compile (default-compile) on project api-gateway: Compilation failure
[ERROR] /C:/Users/Аскар/Desktop/study/java-spring/final/api-gateway/src/main/java/com/example/api_gateway/config/SecurityConfig.java:[26,13] method oauth2ResourceServer in class org.springframework.security.config.web.server.ServerHttpSecurity cannot be applied to given types;
[ERROR]   required: org.springframework.security.config.Customizer<org.springframework.security.config.web.server.ServerHttpSecurity.OAuth2ResourceServerSpec>
[ERROR]   found:    no arguments
[ERROR]   reason: actual and formal argument lists differ in length
[ERROR] -> [Help 1]
[ERROR] 
[ERROR] To see the full stack trace of the errors, re-run Maven with the -e switch.
[ERROR] Re-run Maven using the -X switch to enable full debug logging.
[ERROR] 
[ERROR] For more information about the errors and possible solutions, please read the following articles:
[ERROR] [Help 1] http://cwiki.apache.org/confluence/display/MAVEN/MojoFailureException
